15:48:19.181 INFO - Selenium build info: version: '3.4.0', revision: 'unknown'
15:48:19.184 INFO - Launching a Selenium Grid node
2017-05-16 15:48:20.171:INFO::main: Logging initialized @1528ms to org.seleniumhq.jetty9.util.log.StdErrLog
15:48:20.232 INFO - Driver provider org.openqa.selenium.ie.InternetExplorerDriver registration is skipped:
 registration capabilities Capabilities [{ensureCleanSession=true, browserName=internet explorer, version=, platform=WINDOWS}] does not match the current platform LINUX
15:48:20.232 INFO - Driver provider org.openqa.selenium.edge.EdgeDriver registration is skipped:
 registration capabilities Capabilities [{browserName=MicrosoftEdge, version=, platform=WINDOWS}] does not match the current platform LINUX
15:48:20.233 INFO - Driver class not found: com.opera.core.systems.OperaDriver
15:48:20.233 INFO - Driver provider com.opera.core.systems.OperaDriver registration is skipped:
Unable to create new instances on this machine.
15:48:20.233 INFO - Driver class not found: com.opera.core.systems.OperaDriver
15:48:20.234 INFO - Driver provider com.opera.core.systems.OperaDriver is not registered
15:48:20.235 INFO - Driver provider org.openqa.selenium.safari.SafariDriver registration is skipped:
 registration capabilities Capabilities [{browserName=safari, version=, platform=MAC}] does not match the current platform LINUX
2017-05-16 15:48:20.303:INFO:osjs.Server:main: jetty-9.4.3.v20170317
2017-05-16 15:48:20.358:INFO:osjsh.ContextHandler:main: Started o.s.j.s.ServletContextHandler@156695f{/,null,AVAILABLE}
2017-05-16 15:48:20.376:INFO:osjs.AbstractConnector:main: Started ServerConnector@7db1f{HTTP/1.1,[http/1.1]}{0.0.0.0:5551}
2017-05-16 15:48:20.381:INFO:osjs.Server:main: Started @1738ms
15:48:20.381 INFO - Selenium Grid node is up and ready to register to the hub
15:48:20.403 INFO - Starting auto registration thread. Will try to register every 5000 ms.
15:48:20.403 INFO - Registering the node to the hub: http://localhost:4440/grid/register
15:48:20.587 INFO - The node is registered to the hub and ready to use
15:48:25.899 INFO - SessionCleaner initialized with insideBrowserTimeout 0 and clientGoneTimeout 300000000 polling every 30000000
15:51:09.622 INFO - Executing: [new session: Capabilities [{acceptInsecureCerts=true, browserName=firefox, javascriptEnabled=true, version=, platform=ANY}]])
15:51:09.633 INFO - Creating a new session for Capabilities [{acceptInsecureCerts=true, browserName=firefox, javascriptEnabled=true, version=, platform=ANY}]
1494964269688	geckodriver	INFO	Listening on 127.0.0.1:22393
1494964269781	geckodriver::marionette	INFO	Starting browser /usr/lib/firefox/firefox with args ["-marionette"]
1494964271419	Marionette	INFO	Listening on port 40821
1494964271502	Marionette	WARN	TLS certificate errors will be ignored for this session
15:51:11.763 INFO - Detected dialect: W3C
15:51:11.777 INFO - Done: [new session: Capabilities [{acceptInsecureCerts=true, browserName=firefox, javascriptEnabled=true, version=, platform=ANY}]]
15:51:11.838 INFO - Executing: [page load wait: 500000])
15:51:11.845 INFO - Done: [page load wait: 500000]
15:51:11.856 INFO - Executing: [implicit wait: 20000])
15:51:11.860 INFO - Done: [implicit wait: 20000]
15:51:11.873 INFO - Executing: [get: http://helloweb.perf.inspq-6111])
15:51:14.500 INFO - Done: [get: http://helloweb.perf.inspq-6111]
15:51:14.514 INFO - Executing: [find element: By.xpath: (//input[@type='text'])[1]])
15:51:14.533 INFO - Done: [find element: By.xpath: (//input[@type='text'])[1]]
15:51:14.552 INFO - Executing: [clear: 0 [[FirefoxDriver: firefox on ANY (e249f9a8-4ef0-4254-aed7-5b8bcaf319df)] -> xpath: (//input[@type='text'])[1]]])
15:51:14.591 INFO - Done: [clear: 0 [[FirefoxDriver: firefox on ANY (e249f9a8-4ef0-4254-aed7-5b8bcaf319df)] -> xpath: (//input[@type='text'])[1]]]
15:51:14.599 INFO - Executing: [find element: By.xpath: (//input[@type='text'])[1]])
15:51:14.607 INFO - Done: [find element: By.xpath: (//input[@type='text'])[1]]
15:51:14.615 INFO - Executing: [send keys: 0 [[FirefoxDriver: firefox on ANY (e249f9a8-4ef0-4254-aed7-5b8bcaf319df)] -> xpath: (//input[@type='text'])[1]], [Test1]])
15:51:14.683 INFO - Done: [send keys: 0 [[FirefoxDriver: firefox on ANY (e249f9a8-4ef0-4254-aed7-5b8bcaf319df)] -> xpath: (//input[@type='text'])[1]], [Test1]]
15:51:14.695 INFO - Executing: [find element: By.xpath: (//input[@type='text'])[2]])
15:51:14.703 INFO - Done: [find element: By.xpath: (//input[@type='text'])[2]]
15:51:14.711 INFO - Executing: [clear: 1 [[FirefoxDriver: firefox on ANY (e249f9a8-4ef0-4254-aed7-5b8bcaf319df)] -> xpath: (//input[@type='text'])[2]]])
15:51:14.723 INFO - Done: [clear: 1 [[FirefoxDriver: firefox on ANY (e249f9a8-4ef0-4254-aed7-5b8bcaf319df)] -> xpath: (//input[@type='text'])[2]]]
15:51:14.731 INFO - Executing: [find element: By.xpath: (//input[@type='text'])[2]])
15:51:14.747 INFO - Done: [find element: By.xpath: (//input[@type='text'])[2]]
15:51:14.755 INFO - Executing: [send keys: 1 [[FirefoxDriver: firefox on ANY (e249f9a8-4ef0-4254-aed7-5b8bcaf319df)] -> xpath: (//input[@type='text'])[2]], [Test1]])
15:51:14.781 INFO - Done: [send keys: 1 [[FirefoxDriver: firefox on ANY (e249f9a8-4ef0-4254-aed7-5b8bcaf319df)] -> xpath: (//input[@type='text'])[2]], [Test1]]
15:51:14.791 INFO - Executing: [find element: By.className: ng-binding])
15:51:14.800 INFO - Done: [find element: By.className: ng-binding]
15:51:14.810 INFO - Executing: [get text: 2 [[FirefoxDriver: firefox on ANY (e249f9a8-4ef0-4254-aed7-5b8bcaf319df)] -> class name: ng-binding]])
15:51:14.824 INFO - Done: [get text: 2 [[FirefoxDriver: firefox on ANY (e249f9a8-4ef0-4254-aed7-5b8bcaf319df)] -> class name: ng-binding]]
15:51:14.834 INFO - Executing: [find element: By.cssSelector: button[type="submit"]])
15:51:14.860 INFO - Done: [find element: By.cssSelector: button[type="submit"]]
15:51:14.869 INFO - Executing: [click: 3 [[FirefoxDriver: firefox on ANY (e249f9a8-4ef0-4254-aed7-5b8bcaf319df)] -> css selector: button[type="submit"]]])
15:51:14.929 INFO - Done: [click: 3 [[FirefoxDriver: firefox on ANY (e249f9a8-4ef0-4254-aed7-5b8bcaf319df)] -> css selector: button[type="submit"]]]
15:51:14.941 INFO - Executing: [get: http://helloweb.perf.inspq-6111])
15:51:15.041 INFO - Done: [get: http://helloweb.perf.inspq-6111]
15:51:15.049 INFO - Executing: [find element: By.xpath: (//input[@type='text'])[1]])
15:51:15.058 INFO - Done: [find element: By.xpath: (//input[@type='text'])[1]]
15:51:15.067 INFO - Executing: [clear: 4 [[FirefoxDriver: firefox on ANY (e249f9a8-4ef0-4254-aed7-5b8bcaf319df)] -> xpath: (//input[@type='text'])[1]]])
15:51:15.093 INFO - Done: [clear: 4 [[FirefoxDriver: firefox on ANY (e249f9a8-4ef0-4254-aed7-5b8bcaf319df)] -> xpath: (//input[@type='text'])[1]]]
15:51:15.104 INFO - Executing: [find element: By.xpath: (//input[@type='text'])[1]])
15:51:15.110 INFO - Done: [find element: By.xpath: (//input[@type='text'])[1]]
15:51:15.118 INFO - Executing: [send keys: 4 [[FirefoxDriver: firefox on ANY (e249f9a8-4ef0-4254-aed7-5b8bcaf319df)] -> xpath: (//input[@type='text'])[1]], [Test2]])
15:51:15.136 INFO - Done: [send keys: 4 [[FirefoxDriver: firefox on ANY (e249f9a8-4ef0-4254-aed7-5b8bcaf319df)] -> xpath: (//input[@type='text'])[1]], [Test2]]
15:51:15.145 INFO - Executing: [find element: By.xpath: (//input[@type='text'])[2]])
15:51:15.151 INFO - Done: [find element: By.xpath: (//input[@type='text'])[2]]
15:51:15.160 INFO - Executing: [clear: 5 [[FirefoxDriver: firefox on ANY (e249f9a8-4ef0-4254-aed7-5b8bcaf319df)] -> xpath: (//input[@type='text'])[2]]])
15:51:15.172 INFO - Done: [clear: 5 [[FirefoxDriver: firefox on ANY (e249f9a8-4ef0-4254-aed7-5b8bcaf319df)] -> xpath: (//input[@type='text'])[2]]]
15:51:15.180 INFO - Executing: [find element: By.xpath: (//input[@type='text'])[2]])
15:51:15.185 INFO - Done: [find element: By.xpath: (//input[@type='text'])[2]]
15:51:15.213 INFO - Executing: [send keys: 5 [[FirefoxDriver: firefox on ANY (e249f9a8-4ef0-4254-aed7-5b8bcaf319df)] -> xpath: (//input[@type='text'])[2]], [Test2]])
15:51:15.237 INFO - Done: [send keys: 5 [[FirefoxDriver: firefox on ANY (e249f9a8-4ef0-4254-aed7-5b8bcaf319df)] -> xpath: (//input[@type='text'])[2]], [Test2]]
15:51:15.245 INFO - Executing: [find element: By.className: ng-binding])
15:51:15.253 INFO - Done: [find element: By.className: ng-binding]
15:51:15.261 INFO - Executing: [get text: 6 [[FirefoxDriver: firefox on ANY (e249f9a8-4ef0-4254-aed7-5b8bcaf319df)] -> class name: ng-binding]])
15:51:15.271 INFO - Done: [get text: 6 [[FirefoxDriver: firefox on ANY (e249f9a8-4ef0-4254-aed7-5b8bcaf319df)] -> class name: ng-binding]]
15:51:15.279 INFO - Executing: [find element: By.cssSelector: button[type="submit"]])
15:51:15.284 INFO - Done: [find element: By.cssSelector: button[type="submit"]]
15:51:15.292 INFO - Executing: [click: 7 [[FirefoxDriver: firefox on ANY (e249f9a8-4ef0-4254-aed7-5b8bcaf319df)] -> css selector: button[type="submit"]]])
15:51:15.309 INFO - Done: [click: 7 [[FirefoxDriver: firefox on ANY (e249f9a8-4ef0-4254-aed7-5b8bcaf319df)] -> css selector: button[type="submit"]]]
15:51:15.322 INFO - Executing: [get: http://helloweb.perf.inspq-6111])
15:51:15.418 INFO - Done: [get: http://helloweb.perf.inspq-6111]
15:51:15.437 INFO - Executing: [find element: By.xpath: (//input[@type='text'])[1]])
15:51:15.444 INFO - Done: [find element: By.xpath: (//input[@type='text'])[1]]
15:51:15.453 INFO - Executing: [clear: 8 [[FirefoxDriver: firefox on ANY (e249f9a8-4ef0-4254-aed7-5b8bcaf319df)] -> xpath: (//input[@type='text'])[1]]])
15:51:15.484 INFO - Done: [clear: 8 [[FirefoxDriver: firefox on ANY (e249f9a8-4ef0-4254-aed7-5b8bcaf319df)] -> xpath: (//input[@type='text'])[1]]]
15:51:15.493 INFO - Executing: [find element: By.xpath: (//input[@type='text'])[1]])
15:51:15.499 INFO - Done: [find element: By.xpath: (//input[@type='text'])[1]]
15:51:15.507 INFO - Executing: [send keys: 8 [[FirefoxDriver: firefox on ANY (e249f9a8-4ef0-4254-aed7-5b8bcaf319df)] -> xpath: (//input[@type='text'])[1]], [Test3]])
15:51:15.525 INFO - Done: [send keys: 8 [[FirefoxDriver: firefox on ANY (e249f9a8-4ef0-4254-aed7-5b8bcaf319df)] -> xpath: (//input[@type='text'])[1]], [Test3]]
15:51:15.532 INFO - Executing: [find element: By.xpath: (//input[@type='text'])[2]])
15:51:15.539 INFO - Done: [find element: By.xpath: (//input[@type='text'])[2]]
15:51:15.547 INFO - Executing: [clear: 9 [[FirefoxDriver: firefox on ANY (e249f9a8-4ef0-4254-aed7-5b8bcaf319df)] -> xpath: (//input[@type='text'])[2]]])
15:51:15.558 INFO - Done: [clear: 9 [[FirefoxDriver: firefox on ANY (e249f9a8-4ef0-4254-aed7-5b8bcaf319df)] -> xpath: (//input[@type='text'])[2]]]
15:51:15.566 INFO - Executing: [find element: By.xpath: (//input[@type='text'])[2]])
15:51:15.573 INFO - Done: [find element: By.xpath: (//input[@type='text'])[2]]
15:51:15.587 INFO - Executing: [send keys: 9 [[FirefoxDriver: firefox on ANY (e249f9a8-4ef0-4254-aed7-5b8bcaf319df)] -> xpath: (//input[@type='text'])[2]], [Test3]])
15:51:15.614 INFO - Done: [send keys: 9 [[FirefoxDriver: firefox on ANY (e249f9a8-4ef0-4254-aed7-5b8bcaf319df)] -> xpath: (//input[@type='text'])[2]], [Test3]]
15:51:15.622 INFO - Executing: [find element: By.className: ng-binding])
15:51:15.629 INFO - Done: [find element: By.className: ng-binding]
15:51:15.636 INFO - Executing: [get text: 10 [[FirefoxDriver: firefox on ANY (e249f9a8-4ef0-4254-aed7-5b8bcaf319df)] -> class name: ng-binding]])
15:51:15.649 INFO - Done: [get text: 10 [[FirefoxDriver: firefox on ANY (e249f9a8-4ef0-4254-aed7-5b8bcaf319df)] -> class name: ng-binding]]
15:51:15.658 INFO - Executing: [find element: By.cssSelector: button[type="submit"]])
15:51:15.666 INFO - Done: [find element: By.cssSelector: button[type="submit"]]
15:51:15.675 INFO - Executing: [click: 11 [[FirefoxDriver: firefox on ANY (e249f9a8-4ef0-4254-aed7-5b8bcaf319df)] -> css selector: button[type="submit"]]])
15:51:15.698 INFO - Done: [click: 11 [[FirefoxDriver: firefox on ANY (e249f9a8-4ef0-4254-aed7-5b8bcaf319df)] -> css selector: button[type="submit"]]]
15:51:15.708 INFO - Executing: [delete session: 4869459e-e359-41f1-8101-861af32a2b93])
1494964275728	Marionette	INFO	New connections will no longer be accepted
15:51:15.935 INFO - Done: [delete session: 4869459e-e359-41f1-8101-861af32a2b93]
