15:48:19.304 INFO - Selenium build info: version: '3.4.0', revision: 'unknown'
15:48:19.306 INFO - Launching a Selenium Grid node
2017-05-16 15:48:20.176:INFO::main: Logging initialized @1537ms to org.seleniumhq.jetty9.util.log.StdErrLog
15:48:20.273 INFO - Driver provider org.openqa.selenium.ie.InternetExplorerDriver registration is skipped:
 registration capabilities Capabilities [{ensureCleanSession=true, browserName=internet explorer, version=, platform=WINDOWS}] does not match the current platform LINUX
15:48:20.273 INFO - Driver provider org.openqa.selenium.edge.EdgeDriver registration is skipped:
 registration capabilities Capabilities [{browserName=MicrosoftEdge, version=, platform=WINDOWS}] does not match the current platform LINUX
15:48:20.274 INFO - Driver class not found: com.opera.core.systems.OperaDriver
15:48:20.274 INFO - Driver provider com.opera.core.systems.OperaDriver registration is skipped:
Unable to create new instances on this machine.
15:48:20.274 INFO - Driver class not found: com.opera.core.systems.OperaDriver
15:48:20.274 INFO - Driver provider com.opera.core.systems.OperaDriver is not registered
15:48:20.275 INFO - Driver provider org.openqa.selenium.safari.SafariDriver registration is skipped:
 registration capabilities Capabilities [{browserName=safari, version=, platform=MAC}] does not match the current platform LINUX
2017-05-16 15:48:20.352:INFO:osjs.Server:main: jetty-9.4.3.v20170317
2017-05-16 15:48:20.433:INFO:osjsh.ContextHandler:main: Started o.s.j.s.ServletContextHandler@156695f{/,null,AVAILABLE}
2017-05-16 15:48:20.465:INFO:osjs.AbstractConnector:main: Started ServerConnector@7db1f{HTTP/1.1,[http/1.1]}{0.0.0.0:5552}
2017-05-16 15:48:20.468:INFO:osjs.Server:main: Started @1830ms
15:48:20.469 INFO - Selenium Grid node is up and ready to register to the hub
15:48:20.476 INFO - Starting auto registration thread. Will try to register every 5000 ms.
15:48:20.477 INFO - Registering the node to the hub: http://localhost:4440/grid/register
15:48:20.586 INFO - The node is registered to the hub and ready to use
15:48:25.925 INFO - SessionCleaner initialized with insideBrowserTimeout 0 and clientGoneTimeout 300000000 polling every 30000000
15:48:42.359 INFO - Executing: [new session: Capabilities [{acceptInsecureCerts=true, browserName=firefox, javascriptEnabled=true, version=, platform=ANY}]])
15:48:42.373 INFO - Creating a new session for Capabilities [{acceptInsecureCerts=true, browserName=firefox, javascriptEnabled=true, version=, platform=ANY}]
1494964122456	geckodriver	INFO	Listening on 127.0.0.1:11530
1494964122563	geckodriver::marionette	INFO	Starting browser /usr/lib/firefox/firefox with args ["-marionette"]
1494964124575	Marionette	INFO	Listening on port 39088
1494964124691	Marionette	WARN	TLS certificate errors will be ignored for this session
15:48:44.917 INFO - Detected dialect: W3C
15:48:44.931 INFO - Done: [new session: Capabilities [{acceptInsecureCerts=true, browserName=firefox, javascriptEnabled=true, version=, platform=ANY}]]
15:48:45.269 INFO - Executing: [page load wait: 500000])
15:48:45.280 INFO - Done: [page load wait: 500000]
15:48:45.293 INFO - Executing: [implicit wait: 20000])
15:48:45.298 INFO - Done: [implicit wait: 20000]
15:48:45.308 INFO - Executing: [get: http://helloweb.dev.inspq-6111])
15:48:48.287 INFO - Done: [get: http://helloweb.dev.inspq-6111]
15:48:48.305 INFO - Executing: [find element: By.xpath: (//input[@type='text'])[1]])
15:48:48.327 INFO - Done: [find element: By.xpath: (//input[@type='text'])[1]]
15:48:48.343 INFO - Executing: [clear: 0 [[FirefoxDriver: firefox on ANY (78cffa4d-18c4-4b89-a054-9e864807026c)] -> xpath: (//input[@type='text'])[1]]])
15:48:48.389 INFO - Done: [clear: 0 [[FirefoxDriver: firefox on ANY (78cffa4d-18c4-4b89-a054-9e864807026c)] -> xpath: (//input[@type='text'])[1]]]
15:48:48.399 INFO - Executing: [find element: By.xpath: (//input[@type='text'])[1]])
15:48:48.408 INFO - Done: [find element: By.xpath: (//input[@type='text'])[1]]
15:48:48.428 INFO - Executing: [send keys: 0 [[FirefoxDriver: firefox on ANY (78cffa4d-18c4-4b89-a054-9e864807026c)] -> xpath: (//input[@type='text'])[1]], [Test1]])
15:48:48.462 INFO - Done: [send keys: 0 [[FirefoxDriver: firefox on ANY (78cffa4d-18c4-4b89-a054-9e864807026c)] -> xpath: (//input[@type='text'])[1]], [Test1]]
15:48:48.471 INFO - Executing: [find element: By.xpath: (//input[@type='text'])[2]])
15:48:48.479 INFO - Done: [find element: By.xpath: (//input[@type='text'])[2]]
15:48:48.491 INFO - Executing: [clear: 1 [[FirefoxDriver: firefox on ANY (78cffa4d-18c4-4b89-a054-9e864807026c)] -> xpath: (//input[@type='text'])[2]]])
15:48:48.510 INFO - Done: [clear: 1 [[FirefoxDriver: firefox on ANY (78cffa4d-18c4-4b89-a054-9e864807026c)] -> xpath: (//input[@type='text'])[2]]]
15:48:48.522 INFO - Executing: [find element: By.xpath: (//input[@type='text'])[2]])
15:48:48.532 INFO - Done: [find element: By.xpath: (//input[@type='text'])[2]]
15:48:48.542 INFO - Executing: [send keys: 1 [[FirefoxDriver: firefox on ANY (78cffa4d-18c4-4b89-a054-9e864807026c)] -> xpath: (//input[@type='text'])[2]], [Test1]])
15:48:48.567 INFO - Done: [send keys: 1 [[FirefoxDriver: firefox on ANY (78cffa4d-18c4-4b89-a054-9e864807026c)] -> xpath: (//input[@type='text'])[2]], [Test1]]
15:48:48.576 INFO - Executing: [find element: By.className: ng-binding])
15:48:48.584 INFO - Done: [find element: By.className: ng-binding]
15:48:48.593 INFO - Executing: [get text: 2 [[FirefoxDriver: firefox on ANY (78cffa4d-18c4-4b89-a054-9e864807026c)] -> class name: ng-binding]])
15:48:48.608 INFO - Done: [get text: 2 [[FirefoxDriver: firefox on ANY (78cffa4d-18c4-4b89-a054-9e864807026c)] -> class name: ng-binding]]
15:48:48.618 INFO - Executing: [find element: By.cssSelector: button[type="submit"]])
15:48:48.653 INFO - Done: [find element: By.cssSelector: button[type="submit"]]
15:48:48.663 INFO - Executing: [click: 3 [[FirefoxDriver: firefox on ANY (78cffa4d-18c4-4b89-a054-9e864807026c)] -> css selector: button[type="submit"]]])
15:48:48.710 INFO - Done: [click: 3 [[FirefoxDriver: firefox on ANY (78cffa4d-18c4-4b89-a054-9e864807026c)] -> css selector: button[type="submit"]]]
15:48:48.723 INFO - Executing: [get: http://helloweb.dev.inspq-6111])
15:48:48.855 INFO - Done: [get: http://helloweb.dev.inspq-6111]
15:48:48.871 INFO - Executing: [find element: By.xpath: (//input[@type='text'])[1]])
15:48:48.886 INFO - Done: [find element: By.xpath: (//input[@type='text'])[1]]
15:48:48.898 INFO - Executing: [clear: 4 [[FirefoxDriver: firefox on ANY (78cffa4d-18c4-4b89-a054-9e864807026c)] -> xpath: (//input[@type='text'])[1]]])
15:48:48.926 INFO - Done: [clear: 4 [[FirefoxDriver: firefox on ANY (78cffa4d-18c4-4b89-a054-9e864807026c)] -> xpath: (//input[@type='text'])[1]]]
15:48:48.946 INFO - Executing: [find element: By.xpath: (//input[@type='text'])[1]])
15:48:48.955 INFO - Done: [find element: By.xpath: (//input[@type='text'])[1]]
15:48:48.967 INFO - Executing: [send keys: 4 [[FirefoxDriver: firefox on ANY (78cffa4d-18c4-4b89-a054-9e864807026c)] -> xpath: (//input[@type='text'])[1]], [Test2]])
15:48:48.992 INFO - Done: [send keys: 4 [[FirefoxDriver: firefox on ANY (78cffa4d-18c4-4b89-a054-9e864807026c)] -> xpath: (//input[@type='text'])[1]], [Test2]]
15:48:49.003 INFO - Executing: [find element: By.xpath: (//input[@type='text'])[2]])
15:48:49.011 INFO - Done: [find element: By.xpath: (//input[@type='text'])[2]]
15:48:49.026 INFO - Executing: [clear: 5 [[FirefoxDriver: firefox on ANY (78cffa4d-18c4-4b89-a054-9e864807026c)] -> xpath: (//input[@type='text'])[2]]])
15:48:49.039 INFO - Done: [clear: 5 [[FirefoxDriver: firefox on ANY (78cffa4d-18c4-4b89-a054-9e864807026c)] -> xpath: (//input[@type='text'])[2]]]
15:48:49.049 INFO - Executing: [find element: By.xpath: (//input[@type='text'])[2]])
15:48:49.057 INFO - Done: [find element: By.xpath: (//input[@type='text'])[2]]
15:48:49.065 INFO - Executing: [send keys: 5 [[FirefoxDriver: firefox on ANY (78cffa4d-18c4-4b89-a054-9e864807026c)] -> xpath: (//input[@type='text'])[2]], [Test2]])
15:48:49.088 INFO - Done: [send keys: 5 [[FirefoxDriver: firefox on ANY (78cffa4d-18c4-4b89-a054-9e864807026c)] -> xpath: (//input[@type='text'])[2]], [Test2]]
15:48:49.097 INFO - Executing: [find element: By.className: ng-binding])
15:48:49.105 INFO - Done: [find element: By.className: ng-binding]
15:48:49.114 INFO - Executing: [get text: 6 [[FirefoxDriver: firefox on ANY (78cffa4d-18c4-4b89-a054-9e864807026c)] -> class name: ng-binding]])
15:48:49.124 INFO - Done: [get text: 6 [[FirefoxDriver: firefox on ANY (78cffa4d-18c4-4b89-a054-9e864807026c)] -> class name: ng-binding]]
15:48:49.134 INFO - Executing: [find element: By.cssSelector: button[type="submit"]])
15:48:49.139 INFO - Done: [find element: By.cssSelector: button[type="submit"]]
15:48:49.148 INFO - Executing: [click: 7 [[FirefoxDriver: firefox on ANY (78cffa4d-18c4-4b89-a054-9e864807026c)] -> css selector: button[type="submit"]]])
15:48:49.166 INFO - Done: [click: 7 [[FirefoxDriver: firefox on ANY (78cffa4d-18c4-4b89-a054-9e864807026c)] -> css selector: button[type="submit"]]]
15:48:49.177 INFO - Executing: [get: http://helloweb.dev.inspq-6111])
15:48:49.272 INFO - Done: [get: http://helloweb.dev.inspq-6111]
15:48:49.282 INFO - Executing: [find element: By.xpath: (//input[@type='text'])[1]])
15:48:49.287 INFO - Done: [find element: By.xpath: (//input[@type='text'])[1]]
15:48:49.297 INFO - Executing: [clear: 8 [[FirefoxDriver: firefox on ANY (78cffa4d-18c4-4b89-a054-9e864807026c)] -> xpath: (//input[@type='text'])[1]]])
15:48:49.325 INFO - Done: [clear: 8 [[FirefoxDriver: firefox on ANY (78cffa4d-18c4-4b89-a054-9e864807026c)] -> xpath: (//input[@type='text'])[1]]]
15:48:49.333 INFO - Executing: [find element: By.xpath: (//input[@type='text'])[1]])
15:48:49.345 INFO - Done: [find element: By.xpath: (//input[@type='text'])[1]]
15:48:49.354 INFO - Executing: [send keys: 8 [[FirefoxDriver: firefox on ANY (78cffa4d-18c4-4b89-a054-9e864807026c)] -> xpath: (//input[@type='text'])[1]], [Test3]])
15:48:49.372 INFO - Done: [send keys: 8 [[FirefoxDriver: firefox on ANY (78cffa4d-18c4-4b89-a054-9e864807026c)] -> xpath: (//input[@type='text'])[1]], [Test3]]
15:48:49.379 INFO - Executing: [find element: By.xpath: (//input[@type='text'])[2]])
15:48:49.385 INFO - Done: [find element: By.xpath: (//input[@type='text'])[2]]
15:48:49.394 INFO - Executing: [clear: 9 [[FirefoxDriver: firefox on ANY (78cffa4d-18c4-4b89-a054-9e864807026c)] -> xpath: (//input[@type='text'])[2]]])
15:48:49.407 INFO - Done: [clear: 9 [[FirefoxDriver: firefox on ANY (78cffa4d-18c4-4b89-a054-9e864807026c)] -> xpath: (//input[@type='text'])[2]]]
15:48:49.418 INFO - Executing: [find element: By.xpath: (//input[@type='text'])[2]])
15:48:49.424 INFO - Done: [find element: By.xpath: (//input[@type='text'])[2]]
15:48:49.435 INFO - Executing: [send keys: 9 [[FirefoxDriver: firefox on ANY (78cffa4d-18c4-4b89-a054-9e864807026c)] -> xpath: (//input[@type='text'])[2]], [Test3]])
15:48:49.457 INFO - Done: [send keys: 9 [[FirefoxDriver: firefox on ANY (78cffa4d-18c4-4b89-a054-9e864807026c)] -> xpath: (//input[@type='text'])[2]], [Test3]]
15:48:49.465 INFO - Executing: [find element: By.className: ng-binding])
15:48:49.472 INFO - Done: [find element: By.className: ng-binding]
15:48:49.479 INFO - Executing: [get text: 10 [[FirefoxDriver: firefox on ANY (78cffa4d-18c4-4b89-a054-9e864807026c)] -> class name: ng-binding]])
15:48:49.493 INFO - Done: [get text: 10 [[FirefoxDriver: firefox on ANY (78cffa4d-18c4-4b89-a054-9e864807026c)] -> class name: ng-binding]]
15:48:49.504 INFO - Executing: [find element: By.cssSelector: button[type="submit"]])
15:48:49.510 INFO - Done: [find element: By.cssSelector: button[type="submit"]]
15:48:49.518 INFO - Executing: [click: 11 [[FirefoxDriver: firefox on ANY (78cffa4d-18c4-4b89-a054-9e864807026c)] -> css selector: button[type="submit"]]])
15:48:49.539 INFO - Done: [click: 11 [[FirefoxDriver: firefox on ANY (78cffa4d-18c4-4b89-a054-9e864807026c)] -> css selector: button[type="submit"]]]
15:48:49.560 INFO - Executing: [delete session: c4c99175-82cd-43d2-a642-c2416db7a411])
1494964129569	Marionette	INFO	New connections will no longer be accepted
15:48:49.812 INFO - Done: [delete session: c4c99175-82cd-43d2-a642-c2416db7a411]
